Build started 21/06/2017 08:24:47.
     1>Project "D:\HCMUT\Hoc ky 4\KyThuatLapTrinh\ASS2\Assignment2\Assignment2\Assignment2.vcxproj" on node 2 (Build target(s)).
     1>ClCompile:
         C:\Program Files (x86)\Microsoft Visual Studio 12.0\VC\bin\CL.exe /c /ZI /nologo /W3 /WX- /sdl /Od /Oy- /D _MBCS /Gm /EHsc /RTC1 /MDd /GS /fp:precise /Zc:wchar_t /Zc:forScope /Fo"Debug\\" /Fd"Debug\vc120.pdb" /Gd /TP /analyze- /errorReport:prompt Source.cpp functions.cpp managerIO.cpp
         managerIO.cpp
     1>d:\hcmut\hoc ky 4\kythuatlaptrinh\ass2\assignment2\assignment2\managerio.cpp(147): warning C4018: '<' : signed/unsigned mismatch
     1>d:\hcmut\hoc ky 4\kythuatlaptrinh\ass2\assignment2\assignment2\managerio.cpp(289): warning C4018: '<' : signed/unsigned mismatch
     1>d:\hcmut\hoc ky 4\kythuatlaptrinh\ass2\assignment2\assignment2\managerio.cpp(363): warning C4018: '<' : signed/unsigned mismatch
     1>d:\hcmut\hoc ky 4\kythuatlaptrinh\ass2\assignment2\assignment2\managerio.cpp(498): warning C4018: '<' : signed/unsigned mismatch
     1>d:\hcmut\hoc ky 4\kythuatlaptrinh\ass2\assignment2\assignment2\managerio.cpp(552): warning C4018: '<' : signed/unsigned mismatch
         functions.cpp
     1>d:\hcmut\hoc ky 4\kythuatlaptrinh\ass2\assignment2\assignment2\functions.cpp(73): warning C4018: '<' : signed/unsigned mismatch
     1>d:\hcmut\hoc ky 4\kythuatlaptrinh\ass2\assignment2\assignment2\functions.cpp(89): warning C4018: '<' : signed/unsigned mismatch
     1>d:\hcmut\hoc ky 4\kythuatlaptrinh\ass2\assignment2\assignment2\functions.cpp(194): warning C4018: '<' : signed/unsigned mismatch
     1>d:\hcmut\hoc ky 4\kythuatlaptrinh\ass2\assignment2\assignment2\functions.cpp(212): warning C4018: '<' : signed/unsigned mismatch
     1>d:\hcmut\hoc ky 4\kythuatlaptrinh\ass2\assignment2\assignment2\functions.cpp(221): warning C4018: '<' : signed/unsigned mismatch
     1>d:\hcmut\hoc ky 4\kythuatlaptrinh\ass2\assignment2\assignment2\functions.cpp(422): warning C4244: 'return' : conversion from 'double' to 'int', possible loss of data
         Source.cpp
     1>d:\hcmut\hoc ky 4\kythuatlaptrinh\ass2\assignment2\assignment2\source.cpp(297): warning C4018: '<' : signed/unsigned mismatch
     1>d:\hcmut\hoc ky 4\kythuatlaptrinh\ass2\assignment2\assignment2\source.cpp(310): warning C4018: '<' : signed/unsigned mismatch
     1>d:\hcmut\hoc ky 4\kythuatlaptrinh\ass2\assignment2\assignment2\source.cpp(323): warning C4018: '<' : signed/unsigned mismatch
     1>d:\hcmut\hoc ky 4\kythuatlaptrinh\ass2\assignment2\assignment2\source.cpp(339): warning C4018: '<' : signed/unsigned mismatch
     1>d:\hcmut\hoc ky 4\kythuatlaptrinh\ass2\assignment2\assignment2\source.cpp(351): warning C4018: '<' : signed/unsigned mismatch
     1>d:\hcmut\hoc ky 4\kythuatlaptrinh\ass2\assignment2\assignment2\source.cpp(367): warning C4018: '<' : signed/unsigned mismatch
     1>d:\hcmut\hoc ky 4\kythuatlaptrinh\ass2\assignment2\assignment2\source.cpp(381): warning C4018: '<' : signed/unsigned mismatch
     1>d:\hcmut\hoc ky 4\kythuatlaptrinh\ass2\assignment2\assignment2\source.cpp(402): warning C4018: '<' : signed/unsigned mismatch
     1>d:\hcmut\hoc ky 4\kythuatlaptrinh\ass2\assignment2\assignment2\source.cpp(750): warning C4018: '<' : signed/unsigned mismatch
     1>d:\hcmut\hoc ky 4\kythuatlaptrinh\ass2\assignment2\assignment2\source.cpp(751): warning C4018: '<' : signed/unsigned mismatch
     1>d:\hcmut\hoc ky 4\kythuatlaptrinh\ass2\assignment2\assignment2\source.cpp(775): warning C4018: '<' : signed/unsigned mismatch
     1>d:\hcmut\hoc ky 4\kythuatlaptrinh\ass2\assignment2\assignment2\source.cpp(788): warning C4018: '<' : signed/unsigned mismatch
     1>d:\hcmut\hoc ky 4\kythuatlaptrinh\ass2\assignment2\assignment2\source.cpp(854): warning C4244: 'argument' : conversion from 'unsigned __int64' to 'int', possible loss of data
     1>d:\hcmut\hoc ky 4\kythuatlaptrinh\ass2\assignment2\assignment2\source.cpp(912): warning C4244: 'argument' : conversion from 'unsigned __int64' to 'int', possible loss of data
     1>d:\hcmut\hoc ky 4\kythuatlaptrinh\ass2\assignment2\assignment2\source.cpp(1098): warning C4244: 'argument' : conversion from 'time_t' to 'unsigned int', possible loss of data
     1>d:\hcmut\hoc ky 4\kythuatlaptrinh\ass2\assignment2\assignment2\source.cpp(1156): warning C4244: 'argument' : conversion from 'time_t' to 'unsigned int', possible loss of data
     1>d:\hcmut\hoc ky 4\kythuatlaptrinh\ass2\assignment2\assignment2\source.cpp(1315): warning C4018: '<' : signed/unsigned mismatch
     1>d:\hcmut\hoc ky 4\kythuatlaptrinh\ass2\assignment2\assignment2\source.cpp(1381): warning C4018: '<' : signed/unsigned mismatch
         Generating Code...
     1>d:\hcmut\hoc ky 4\kythuatlaptrinh\ass2\assignment2\assignment2\functions.cpp(357): warning C4715: 'operator-' : not all control paths return a value
       Link:
         C:\Program Files (x86)\Microsoft Visual Studio 12.0\VC\bin\link.exe /ERRORREPORT:PROMPT /OUT:"D:\HCMUT\Hoc ky 4\KyThuatLapTrinh\ASS2\Assignment2\Debug\Assignment2.exe" /INCREMENTAL /NOLOGO kernel32.lib user32.lib gdi32.lib winspool.lib comdlg32.lib advapi32.lib shell32.lib ole32.lib oleaut32.lib uuid.lib odbc32.lib odbccp32.lib /MANIFEST /MANIFESTUAC:"level='asInvoker' uiAccess='false'" /manifest:embed /DEBUG /PDB:"D:\HCMUT\Hoc ky 4\KyThuatLapTrinh\ASS2\Assignment2\Debug\Assignment2.pdb" /TLBID:1 /DYNAMICBASE /NXCOMPAT /IMPLIB:"D:\HCMUT\Hoc ky 4\KyThuatLapTrinh\ASS2\Assignment2\Debug\Assignment2.lib" /MACHINE:X86 Debug\functions.obj
         Debug\LibsWindow.obj
         Debug\managerIO.obj
         Debug\Source.obj
         Assignment2.vcxproj -> D:\HCMUT\Hoc ky 4\KyThuatLapTrinh\ASS2\Assignment2\Debug\Assignment2.exe
     1>Done Building Project "D:\HCMUT\Hoc ky 4\KyThuatLapTrinh\ASS2\Assignment2\Assignment2\Assignment2.vcxproj" (Build target(s)).

Build succeeded.

Time Elapsed 00:00:10.37
